\BOOKMARK [0][-]{chapter*.1}{\376\377\000E\000x\000e\000c\000u\000t\000i\000v\000e\000\040\000S\000u\000m\000m\000a\000r\000y}{}% 1
\BOOKMARK [0][-]{chapter*.2}{\376\377\000A\000b\000s\000t\000r\000a\000c\000t}{}% 2
\BOOKMARK [0][-]{chapter.1}{\376\377\000I\000n\000t\000r\000o\000d\000u\000c\000t\000i\000o\000n}{}% 3
\BOOKMARK [0][-]{chapter.2}{\376\377\000M\000a\000t\000e\000r\000i\000a\000l\000\040\000a\000n\000d\000\040\000M\000e\000t\000h\000o\000d\000s}{}% 4
\BOOKMARK [1][-]{section.2.1}{\376\377\000D\000a\000t\000a\000\040\000s\000o\000u\000r\000c\000e\000s}{chapter.2}% 5
\BOOKMARK [2][-]{subsection.2.1.1}{\376\377\000F\000i\000s\000h\000i\000n\000g\000\040\000h\000o\000u\000r\000s}{section.2.1}% 6
\BOOKMARK [2][-]{subsection.2.1.2}{\376\377\000I\000C\000C\000A\000T\000\040\000c\000a\000t\000c\000h\000\040\000d\000a\000t\000a}{section.2.1}% 7
\BOOKMARK [2][-]{subsection.2.1.3}{\376\377\000B\000l\000u\000e\000f\000i\000n\000\040\000T\000u\000n\000a\000\040\000v\000e\000s\000s\000e\000l\000s}{section.2.1}% 8
\BOOKMARK [1][-]{section.2.2}{\376\377\000D\000a\000t\000a\000\040\000f\000i\000l\000t\000e\000r\000i\000n\000g}{chapter.2}% 9
\BOOKMARK [1][-]{section.2.3}{\376\377\000D\000a\000t\000a\000\040\000a\000n\000a\000l\000y\000s\000i\000s}{chapter.2}% 10
\BOOKMARK [0][-]{chapter.3}{\376\377\000R\000e\000s\000u\000l\000t\000s}{}% 11
\BOOKMARK [1][-]{section.3.1}{\376\377\000C\000u\000m\000u\000l\000a\000t\000i\000v\000e\000\040\000a\000p\000p\000a\000r\000e\000n\000t\000\040\000f\000i\000s\000h\000i\000n\000g\000\040\000h\000o\000u\000r\000s}{chapter.3}% 12
\BOOKMARK [1][-]{section.3.2}{\376\377\000F\000i\000s\000h\000i\000n\000g\000\040\000h\000o\000t\000s\000p\000o\000t\000s\000\040\000a\000n\000d\000\040\000h\000i\000g\000h\000\040\000r\000i\000s\000k\000\040\000a\000r\000e\000a\000s}{chapter.3}% 13
\BOOKMARK [1][-]{section.3.3}{\376\377\000T\000e\000m\000p\000o\000r\000a\000l\000\040\000c\000h\000a\000n\000g\000e\000s}{chapter.3}% 14
\BOOKMARK [1][-]{section.3.4}{\376\377\000F\000l\000a\000g\000\040\000c\000o\000u\000n\000t\000r\000i\000e\000s}{chapter.3}% 15
\BOOKMARK [1][-]{section.3.5}{\376\377\000D\000e\000p\000t\000h\000\040\000a\000n\000d\000\040\000d\000i\000s\000t\000a\000n\000c\000e\000\040\000t\000o\000\040\000p\000o\000r\000t}{chapter.3}% 16
\BOOKMARK [0][-]{chapter.4}{\376\377\000D\000i\000s\000c\000u\000s\000s\000i\000o\000n}{}% 17
\BOOKMARK [1][-]{section.4.1}{\376\377\000M\000a\000i\000n\000\040\000r\000i\000s\000k\000\040\000a\000r\000e\000a\000s\000\040\000\050\000h\000o\000t\000s\000p\000o\000t\000s\000\051}{chapter.4}% 18
\BOOKMARK [1][-]{section.4.2}{\376\377\000D\000a\000t\000a\000\040\000c\000a\000v\000e\000a\000t\000s}{chapter.4}% 19
\BOOKMARK [0][-]{chapter.5}{\376\377\000C\000o\000n\000c\000l\000u\000s\000i\000o\000n}{}% 20
\BOOKMARK [0][-]{chapter.6}{\376\377\000A\000c\000k\000n\000o\000w\000l\000e\000d\000g\000e\000m\000e\000n\000t\000s}{}% 21
\BOOKMARK [1][-]{section.6.1}{\376\377\000D\000e\000c\000l\000a\000r\000a\000t\000i\000o\000n\000\040\000o\000f\000\040\000g\000e\000n\000e\000r\000a\000t\000i\000v\000e\000\040\000A\000I\000\040\000a\000n\000d\000\040\000A\000I\000\040\000a\000s\000s\000i\000s\000t\000e\000d\000\040\000t\000e\000c\000h\000n\000o\000l\000o\000g\000i\000e\000s}{chapter.6}% 22
\BOOKMARK [0][-]{appendix.1.A}{\376\377\000S\000u\000p\000p\000l\000e\000m\000e\000n\000t\000a\000r\000y\000\040\000M\000a\000t\000e\000r\000i\000a\000l}{}% 23
